<?xml version="1.0" encoding="UTF-8"?>
<testng-results ignored="0" total="1" passed="1" failed="0" skipped="0">
  <reporter-output>
  </reporter-output>
  <suite started-at="2021-04-01T00:44:45 IST" name="Default suite" finished-at="2021-04-01T00:45:12 IST" duration-ms="26143">
    <groups>
    </groups>
    <test started-at="2021-04-01T00:44:45 IST" name="Default test" finished-at="2021-04-01T00:45:12 IST" duration-ms="26143">
      <class name="com.banking.masters.Luanch">
        <test-method signature="luan()[pri:0, instance:com.banking.masters.Luanch@13fd2ccd]" started-at="2021-04-01T00:44:46 IST" name="luan" finished-at="2021-04-01T00:45:12 IST" duration-ms="26079" status="PASS">
          <reporter-output>
          </reporter-output>
        </test-method> <!-- luan -->
      </class> <!-- com.banking.masters.Luanch -->
    </test> <!-- Default test -->
  </suite> <!-- Default suite -->
</testng-results>
